swoop/build/outputs/logs/manifest-merger-debug-report.txt
-- Merging decision tree log ---
manifest
ADDED from src/main/AndroidManifest.xml:1:1-184:12
	package
		ADDED from src/main/AndroidManifest.xml:2:5-27
		INJECTED from src/main/AndroidManifest.xml
		INJECTED from src/main/AndroidManifest.xml
	android:versionName
		ADDED from src/main/AndroidManifest.xml:4:5-30
		INJECTED from src/main/AndroidManifest.xml
		INJECTED from src/main/AndroidManifest.xml
	android:versionCode
		ADDED from src/main/AndroidManifest.xml:3:5-29
		INJECTED from src/main/AndroidManifest.xml
		INJECTED from src/main/AndroidManifest.xml
	xmlns:android
		ADDED from src/main/AndroidManifest.xml:1:11-69
uses-sdk
ADDED from src/main/AndroidManifest.xml:6:5-8:41
MERGED from [swoop:comvclib:unspecified] AndroidManifest.xml:7:5-9:41
MERGED from [com.android.support:support-v4:23.4.0] AndroidManifest.xml:20:5-43
MERGED from [swoop:pullToRefreshLib:unspecified] AndroidManifest.xml:7:5-9:41
MERGED from [swoop:androidViewPagerIndicator:unspecified] AndroidManifest.xml:7:5-9:40
MERGED from [com.android.support:support-v4:23.4.0] AndroidManifest.xml:20:5-43
MERGED from [com.github.lovetuzitong:MultiImageSelector:1.2] AndroidManifest.xml:7:5-9:41
MERGED from [com.android.support:appcompat-v7:23.4.0] AndroidManifest.xml:21:5-23:78
MERGED from [com.android.support:animated-vector-drawable:23.4.0] AndroidManifest.xml:5:5-44
MERGED from [com.android.support:support-vector-drawable:23.4.0] AndroidManifest.xml:5:5-43
MERGED from [com.android.support:support-v4:23.4.0] AndroidManifest.xml:20:5-43
MERGED from [com.android.support:support-v4:23.4.0] AndroidManifest.xml:20:5-43
MERGED from [com.android.support:support-vector-drawable:23.4.0] AndroidManifest.xml:5:5-43
MERGED from [com.android.support:support-v4:23.4.0] AndroidManifest.xml:20:5-43
MERGED from [com.android.support:support-v4:23.4.0] AndroidManifest.xml:20:5-43
MERGED from [com.android.support:appcompat-v7:23.4.0] AndroidManifest.xml:21:5-23:78
MERGED from [com.android.support:animated-vector-drawable:23.4.0] AndroidManifest.xml:5:5-44
MERGED from [com.android.support:support-vector-drawable:23.4.0] AndroidManifest.xml:5:5-43
MERGED from [com.android.support:support-v4:23.4.0] AndroidManifest.xml:20:5-43
MERGED from [com.android.support:support-v4:23.4.0] AndroidManifest.xml:20:5-43
MERGED from [com.android.support:support-vector-drawable:23.4.0] AndroidManifest.xml:5:5-43
MERGED from [com.android.support:support-v4:23.4.0] AndroidManifest.xml:20:5-43
	tools:overrideLibrary
		ADDED from [com.android.support:appcompat-v7:23.4.0] AndroidManifest.xml:23:9-75
	android:targetSdkVersion
		ADDED from src/main/AndroidManifest.xml:8:9-38
		INJECTED from src/main/AndroidManifest.xml
		INJECTED from src/main/AndroidManifest.xml
	android:minSdkVersion
		ADDED from src/main/AndroidManifest.xml:7:9-35
		INJECTED from src/main/AndroidManifest.xml
		INJECTED from src/main/AndroidManifest.xml
permission#com.vc.swoop.permission.JPUSH_MESSAGE
ADDED from src/main/AndroidManifest.xml:9:2-11:47
	android:protectionLevel
		ADDED from src/main/AndroidManifest.xml:11:9-44
	android:name
		ADDED from src/main/AndroidManifest.xml:10:9-61
uses-permission#com.vc.swoop.permission.JPUSH_MESSAGE
ADDED from src/main/AndroidManifest.xml:12:2-74
	android:name
		ADDED from src/main/AndroidManifest.xml:12:19-71
uses-permission#android.permission.ACCESS_COARSE_LOCATION
ADDED from src/main/AndroidManifest.xml:13:5-81
	android:name
		ADDED from src/main/AndroidManifest.xml:13:22-78
uses-permission#android.permission.ACCESS_FINE_LOCATION
ADDED from src/main/AndroidManifest.xml:14:5-79
	android:name
		ADDED from src/main/AndroidManifest.xml:14:22-76
uses-permission#android.permission.INTERNET
ADDED from src/main/AndroidManifest.xml:15:5-67
	android:name
		ADDED from src/main/AndroidManifest.xml:15:22-64
uses-permission#android.permission.ACCESS_WIFI_STATE
ADDED from src/main/AndroidManifest.xml:16:5-76
	android:name
		ADDED from src/main/AndroidManifest.xml:16:22-73
uses-permission#android.permission.ACCESS_NETWORK_STATE
ADDED from src/main/AndroidManifest.xml:17:5-79
	android:name
		ADDED from src/main/AndroidManifest.xml:17:22-76
uses-permission#android.permission.CHANGE_WIFI_STATE
ADDED from src/main/AndroidManifest.xml:18:5-76
	android:name
		ADDED from src/main/AndroidManifest.xml:18:22-73
uses-permission#android.permission.WRITE_EXTERNAL_STORAGE
ADDED from src/main/AndroidManifest.xml:19:5-81
MERGED from [com.github.lovetuzitong:MultiImageSelector:1.2] AndroidManifest.xml:12:5-81
	android:name
		ADDED from src/main/AndroidManifest.xml:19:22-78
uses-permission#android.permission.VIBRATE
ADDED from src/main/AndroidManifest.xml:20:5-21:23
	android:name
		ADDED from src/main/AndroidManifest.xml:20:22-63
uses-permission#android.permission.WRITE_SETTINGS
ADDED from src/main/AndroidManifest.xml:22:5-73
	android:name
		ADDED from src/main/AndroidManifest.xml:22:22-70
uses-permission#android.permission.CAMERA
ADDED from src/main/AndroidManifest.xml:23:5-65
	android:name
		ADDED from src/main/AndroidManifest.xml:23:22-62
uses-permission#android.permission.READ_PHONE_STATE
ADDED from src/main/AndroidManifest.xml:24:5-25:23
	android:name
		ADDED from src/main/AndroidManifest.xml:24:22-72
uses-permission#android.permission.WAKE_LOCK
ADDED from src/main/AndroidManifest.xml:26:2-65
	android:name
		ADDED from src/main/AndroidManifest.xml:26:19-62
uses-feature#android.hardware.camera
ADDED from src/main/AndroidManifest.xml:27:5-60
	android:name
		ADDED from src/main/AndroidManifest.xml:27:19-57
uses-feature#android.hardware.camera.autofocus
ADDED from src/main/AndroidManifest.xml:28:5-70
	android:name
		ADDED from src/main/AndroidManifest.xml:28:19-67
uses-permission#android.permission.RECEIVE_USER_PRESENT
ADDED from src/main/AndroidManifest.xml:29:2-76
	android:name
		ADDED from src/main/AndroidManifest.xml:29:19-73
uses-permission#android.permission.CALL_PHONE
ADDED from src/main/AndroidManifest.xml:30:5-31:23
	android:name
		ADDED from src/main/AndroidManifest.xml:30:22-66
uses-permission#android.permission.READ_EXTERNAL_STORAGE
ADDED from src/main/AndroidManifest.xml:32:5-80
MERGED from [com.github.lovetuzitong:MultiImageSelector:1.2] AndroidManifest.xml:11:5-80
	android:name
		ADDED from src/main/AndroidManifest.xml:32:22-77
uses-permission#android.permission.INTERACT_ACROSS_USERS_FULL
ADDED from src/main/AndroidManifest.xml:33:5-34:23
	android:name
		ADDED from src/main/AndroidManifest.xml:33:22-82
uses-permission#android.permission.READ_LOGS
ADDED from src/main/AndroidManifest.xml:35:5-68
	android:name
		ADDED from src/main/AndroidManifest.xml:35:22-65
uses-permission#android.permission.SEND_SMS
ADDED from src/main/AndroidManifest.xml:36:5-67
	android:name
		ADDED from src/main/AndroidManifest.xml:36:22-64
uses-permission#android.permission.MOUNT_UNMOUNT_FILESYSTEMS
ADDED from src/main/AndroidManifest.xml:37:2-97
	android:name
		ADDED from src/main/AndroidManifest.xml:37:19-78
application
ADDED from src/main/AndroidManifest.xml:38:5-182:19
MERGED from [com.android.support:support-v4:23.4.0] AndroidManifest.xml:22:5-20
MERGED from [com.android.support:support-v4:23.4.0] AndroidManifest.xml:22:5-20
MERGED from [com.github.lovetuzitong:MultiImageSelector:1.2] AndroidManifest.xml:14:5-18:19
MERGED from [com.android.support:appcompat-v7:23.4.0] AndroidManifest.xml:25:5-20
MERGED from [com.android.support:animated-vector-drawable:23.4.0] AndroidManifest.xml:7:5-20
MERGED from [com.android.support:support-vector-drawable:23.4.0] AndroidManifest.xml:7:5-20
MERGED from [com.android.support:support-v4:23.4.0] AndroidManifest.xml:22:5-20
MERGED from [com.android.support:support-v4:23.4.0] AndroidManifest.xml:22:5-20
MERGED from [com.android.support:support-vector-drawable:23.4.0] AndroidManifest.xml:7:5-20
MERGED from [com.android.support:support-v4:23.4.0] AndroidManifest.xml:22:5-20
MERGED from [com.android.support:support-v4:23.4.0] AndroidManifest.xml:22:5-20
MERGED from [com.android.support:appcompat-v7:23.4.0] AndroidManifest.xml:25:5-20
MERGED from [com.android.support:animated-vector-drawable:23.4.0] AndroidManifest.xml:7:5-20
MERGED from [com.android.support:support-vector-drawable:23.4.0] AndroidManifest.xml:7:5-20
MERGED from [com.android.support:support-v4:23.4.0] AndroidManifest.xml:22:5-20
MERGED from [com.android.support:support-v4:23.4.0] AndroidManifest.xml:22:5-20
MERGED from [com.android.support:support-vector-drawable:23.4.0] AndroidManifest.xml:7:5-20
MERGED from [com.android.support:support-v4:23.4.0] AndroidManifest.xml:22:5-20
	android:hasCode
		ADDED from src/main/AndroidManifest.xml:44:41-63
	android:label
		ADDED from src/main/AndroidManifest.xml:42:9-41
	android:allowBackup
		ADDED from src/main/AndroidManifest.xml:40:9-35
	android:icon
		ADDED from src/main/AndroidManifest.xml:41:9-41
	android:persistent
		ADDED from src/main/AndroidManifest.xml:43:9-35
	android:theme
		ADDED from src/main/AndroidManifest.xml:44:9-40
	android:name
		ADDED from src/main/AndroidManifest.xml:39:9-35
meta-data#com.baidu.lbsapi.API_KEY
ADDED from src/main/AndroidManifest.xml:45:9-47:56
	android:value
		ADDED from src/main/AndroidManifest.xml:47:13-53
	android:name
		ADDED from src/main/AndroidManifest.xml:46:13-52
service#com.baidu.location.f
ADDED from src/main/AndroidManifest.xml:48:9-52:19
	android:enabled
		ADDED from src/main/AndroidManifest.xml:50:13-35
	android:process
		ADDED from src/main/AndroidManifest.xml:51:13-38
	android:name
		ADDED from src/main/AndroidManifest.xml:49:13-48
service#cn.jpush.android.service.PushService
ADDED from src/main/AndroidManifest.xml:53:3-63:19
	android:enabled
		ADDED from src/main/AndroidManifest.xml:55:13-35
	android:exported
		ADDED from src/main/AndroidManifest.xml:56:13-37
	android:name
		ADDED from src/main/AndroidManifest.xml:54:13-64
intent-filter#cn.jpush.android.intent.PUSH_TIME+cn.jpush.android.intent.PushService+cn.jpush.android.intent.REGISTER+cn.jpush.android.intent.REPORT
ADDED from src/main/AndroidManifest.xml:57:13-62:29
action#cn.jpush.android.intent.REGISTER
ADDED from src/main/AndroidManifest.xml:58:17-75
	android:name
		ADDED from src/main/AndroidManifest.xml:58:25-72
action#cn.jpush.android.intent.REPORT
ADDED from src/main/AndroidManifest.xml:59:17-73
	android:name
		ADDED from src/main/AndroidManifest.xml:59:25-70
action#cn.jpush.android.intent.PushService
ADDED from src/main/AndroidManifest.xml:60:17-78
	android:name
		ADDED from src/main/AndroidManifest.xml:60:25-75
action#cn.jpush.android.intent.PUSH_TIME
ADDED from src/main/AndroidManifest.xml:61:17-76
	android:name
		ADDED from src/main/AndroidManifest.xml:61:25-73
service#cn.jpush.android.service.DownloadService
ADDED from src/main/AndroidManifest.xml:64:9-68:19
	android:enabled
		ADDED from src/main/AndroidManifest.xml:66:13-35
	android:exported
		ADDED from src/main/AndroidManifest.xml:67:13-37
	android:name
		ADDED from src/main/AndroidManifest.xml:65:13-68
activity#com.vc.swoop.SplashActivity_
ADDED from src/main/AndroidManifest.xml:70:9-75:20
	android:name
		ADDED from src/main/AndroidManifest.xml:70:19-49
intent-filter#android.intent.action.MAIN+android.intent.category.LAUNCHER
ADDED from src/main/AndroidManifest.xml:71:13-74:29
action#android.intent.action.MAIN
ADDED from src/main/AndroidManifest.xml:72:17-69
	android:name
		ADDED from src/main/AndroidManifest.xml:72:25-66
category#android.intent.category.LAUNCHER
ADDED from src/main/AndroidManifest.xml:73:17-77
	android:name
		ADDED from src/main/AndroidManifest.xml:73:27-74
activity#com.vc.swoop.MainActivity_
ADDED from src/main/AndroidManifest.xml:76:9-77:20
	android:name
		ADDED from src/main/AndroidManifest.xml:76:19-47
activity#com.vc.swoop.NearbyListActivity_
ADDED from src/main/AndroidManifest.xml:78:9-79:20
	android:name
		ADDED from src/main/AndroidManifest.xml:78:19-53
activity#com.vc.swoop.LoginActivity_
ADDED from src/main/AndroidManifest.xml:80:9-81:20
	android:name
		ADDED from src/main/AndroidManifest.xml:80:19-48
activity#com.vc.swoop.SellingListActivity_
ADDED from src/main/AndroidManifest.xml:82:9-83:20
	android:name
		ADDED from src/main/AndroidManifest.xml:82:19-54
activity#com.vc.swoop.RegisterStep1Activity_
ADDED from src/main/AndroidManifest.xml:84:9-85:20
	android:name
		ADDED from src/main/AndroidManifest.xml:84:19-56
activity#com.vc.swoop.RegisterStep2Activity_
ADDED from src/main/AndroidManifest.xml:86:9-87:20
	android:name
		ADDED from src/main/AndroidManifest.xml:86:19-56
activity#com.vc.swoop.RegisterStep3Activity_
ADDED from src/main/AndroidManifest.xml:88:9-89:20
	android:name
		ADDED from src/main/AndroidManifest.xml:88:19-56
activity#com.vc.swoop.ADDetailActivity_
ADDED from src/main/AndroidManifest.xml:90:9-91:20
	android:name
		ADDED from src/main/AndroidManifest.xml:90:19-51
activity#com.vc.swoop.AddOrEditAdActivity_
ADDED from src/main/AndroidManifest.xml:92:9-93:20
	android:name
		ADDED from src/main/AndroidManifest.xml:92:19-54
activity#com.vc.swoop.ImagePagerActivity
ADDED from src/main/AndroidManifest.xml:94:9-95:20
	android:name
		ADDED from src/main/AndroidManifest.xml:94:19-52
activity#com.vc.swoop.ContentActivity_
ADDED from src/main/AndroidManifest.xml:96:9-97:20
	android:name
		ADDED from src/main/AndroidManifest.xml:96:19-50
activity#com.vc.swoop.ForgetPwdActivity_
ADDED from src/main/AndroidManifest.xml:98:9-99:20
	android:name
		ADDED from src/main/AndroidManifest.xml:98:19-52
activity#com.vc.swoop.ForgetPwdStep2Activity_
ADDED from src/main/AndroidManifest.xml:100:9-101:20
	android:name
		ADDED from src/main/AndroidManifest.xml:100:19-57
activity#com.vc.swoop.ForgetPwdStep3Activity_
ADDED from src/main/AndroidManifest.xml:102:9-103:20
	android:name
		ADDED from src/main/AndroidManifest.xml:102:19-57
activity#com.vc.swoop.SettingActivity_
ADDED from src/main/AndroidManifest.xml:104:9-105:20
	android:name
		ADDED from src/main/AndroidManifest.xml:104:19-50
activity#com.vc.swoop.WatchingListActivity_
ADDED from src/main/AndroidManifest.xml:106:9-107:20
	android:name
		ADDED from src/main/AndroidManifest.xml:106:19-55
activity#com.vc.swoop.FeedbackActivity_
ADDED from src/main/AndroidManifest.xml:108:9-109:20
	android:name
		ADDED from src/main/AndroidManifest.xml:108:19-51
activity#com.vc.swoop.SearchActivity_
ADDED from src/main/AndroidManifest.xml:110:9-111:20
	android:name
		ADDED from src/main/AndroidManifest.xml:110:19-49
activity#com.vc.swoop.ChangeMobileActivity_
ADDED from src/main/AndroidManifest.xml:112:9-113:20
	android:name
		ADDED from src/main/AndroidManifest.xml:112:19-55
activity#com.vc.swoop.ChangeMobileStep2Activity_
ADDED from src/main/AndroidManifest.xml:114:9-115:20
	android:name
		ADDED from src/main/AndroidManifest.xml:114:19-60
activity#com.vc.swoop.ChangePwdActivity_
ADDED from src/main/AndroidManifest.xml:116:9-117:20
	android:name
		ADDED from src/main/AndroidManifest.xml:116:19-52
activity#com.vc.swoop.ReportActivity_
ADDED from src/main/AndroidManifest.xml:118:9-61
	android:name
		ADDED from src/main/AndroidManifest.xml:118:19-49
activity#cn.jpush.android.ui.PopWinActivity
ADDED from src/main/AndroidManifest.xml:120:9-124:20
	android:exported
		ADDED from src/main/AndroidManifest.xml:123:13-37
	android:theme
		ADDED from src/main/AndroidManifest.xml:122:13-49
	android:name
		ADDED from src/main/AndroidManifest.xml:121:13-62
receiver#cn.jpush.android.service.AlarmReceiver
ADDED from src/main/AndroidManifest.xml:126:9-99
	android:exported
		ADDED from src/main/AndroidManifest.xml:126:73-97
	android:name
		ADDED from src/main/AndroidManifest.xml:126:19-72
activity#cn.jpush.android.ui.PushActivity
ADDED from src/main/AndroidManifest.xml:128:9-138:20
	android:exported
		ADDED from src/main/AndroidManifest.xml:132:13-37
	android:configChanges
		ADDED from src/main/AndroidManifest.xml:130:13-63
	android:theme
		ADDED from src/main/AndroidManifest.xml:131:13-60
	android:name
		ADDED from src/main/AndroidManifest.xml:129:13-60
intent-filter#android.intent.category.DEFAULT+cn.jpush.android.ui.PushActivity+com.vc.swoop
ADDED from src/main/AndroidManifest.xml:133:13-137:29
action#cn.jpush.android.ui.PushActivity
ADDED from src/main/AndroidManifest.xml:134:17-75
	android:name
		ADDED from src/main/AndroidManifest.xml:134:25-72
category#android.intent.category.DEFAULT
ADDED from src/main/AndroidManifest.xml:135:17-76
	android:name
		ADDED from src/main/AndroidManifest.xml:135:27-73
category#com.vc.swoop
ADDED from src/main/AndroidManifest.xml:136:17-57
	android:name
		ADDED from src/main/AndroidManifest.xml:136:27-54
activity#me.nereo.multi_image_selector.MultiImageSelectorActivity
ADDED from src/main/AndroidManifest.xml:140:9-142:87
MERGED from [com.github.lovetuzitong:MultiImageSelector:1.2] AndroidManifest.xml:15:9-17:62
	android:configChanges
		ADDED from src/main/AndroidManifest.xml:141:13-59
	android:name
		ADDED from src/main/AndroidManifest.xml:142:13-84
receiver#cn.jpush.android.service.PushReceiver
ADDED from src/main/AndroidManifest.xml:145:9-164:20
	android:enabled
		ADDED from src/main/AndroidManifest.xml:147:13-35
	android:exported
		ADDED from src/main/AndroidManifest.xml:148:13-37
	android:name
		ADDED from src/main/AndroidManifest.xml:146:13-65
intent-filter#cn.jpush.android.intent.NOTIFICATION_RECEIVED_PROXY+com.vc.swoop
ADDED from src/main/AndroidManifest.xml:149:14-152:29
	android:priority
		ADDED from src/main/AndroidManifest.xml:149:29-52
action#cn.jpush.android.intent.NOTIFICATION_RECEIVED_PROXY
ADDED from src/main/AndroidManifest.xml:150:17-94
	android:name
		ADDED from src/main/AndroidManifest.xml:150:25-91
intent-filter#android.intent.action.USER_PRESENT+android.net.conn.CONNECTIVITY_CHANGE
ADDED from src/main/AndroidManifest.xml:153:13-156:29
action#android.intent.action.USER_PRESENT
ADDED from src/main/AndroidManifest.xml:154:17-77
	android:name
		ADDED from src/main/AndroidManifest.xml:154:25-74
action#android.net.conn.CONNECTIVITY_CHANGE
ADDED from src/main/AndroidManifest.xml:155:17-79
	android:name
		ADDED from src/main/AndroidManifest.xml:155:25-76
intent-filter#android.intent.action.PACKAGE_ADDED+android.intent.action.PACKAGE_REMOVED
ADDED from src/main/AndroidManifest.xml:158:13-162:29
action#android.intent.action.PACKAGE_ADDED
ADDED from src/main/AndroidManifest.xml:159:17-78
	android:name
		ADDED from src/main/AndroidManifest.xml:159:25-75
action#android.intent.action.PACKAGE_REMOVED
ADDED from src/main/AndroidManifest.xml:160:17-80
	android:name
		ADDED from src/main/AndroidManifest.xml:160:25-77
data
ADDED from src/main/AndroidManifest.xml:161:17-50
	android:scheme
		ADDED from src/main/AndroidManifest.xml:161:23-47
receiver#com.vc.swoop.common.JGReceiver
ADDED from src/main/AndroidManifest.xml:165:9-179:20
	android:enabled
		ADDED from src/main/AndroidManifest.xml:168:13-35
	android:exported
		ADDED from src/main/AndroidManifest.xml:167:13-37
	android:name
		ADDED from src/main/AndroidManifest.xml:166:13-58
intent-filter#cn.jpush.android.intent.ACTION_RICHPUSH_CALLBACK+cn.jpush.android.intent.CONNECTION+cn.jpush.android.intent.MESSAGE_RECEIVED+cn.jpush.android.intent.NOTIFICATION_OPENED+cn.jpush.android.intent.NOTIFICATION_RECEIVED+cn.jpush.android.intent.REGISTRATION+cn.jpush.android.intent.UNREGISTRATION+com.vc.swoop
ADDED from src/main/AndroidManifest.xml:169:13-178:29
action#cn.jpush.android.intent.REGISTRATION
ADDED from src/main/AndroidManifest.xml:170:17-79
	android:name
		ADDED from src/main/AndroidManifest.xml:170:25-76
action#cn.jpush.android.intent.UNREGISTRATION
ADDED from src/main/AndroidManifest.xml:171:17-81
	android:name
		ADDED from src/main/AndroidManifest.xml:171:25-78
action#cn.jpush.android.intent.MESSAGE_RECEIVED
ADDED from src/main/AndroidManifest.xml:172:17-83
	android:name
		ADDED from src/main/AndroidManifest.xml:172:25-80
action#cn.jpush.android.intent.NOTIFICATION_RECEIVED
ADDED from src/main/AndroidManifest.xml:173:17-88
	android:name
		ADDED from src/main/AndroidManifest.xml:173:25-85
action#cn.jpush.android.intent.NOTIFICATION_OPENED
ADDED from src/main/AndroidManifest.xml:174:17-86
	android:name
		ADDED from src/main/AndroidManifest.xml:174:25-83
action#cn.jpush.android.intent.ACTION_RICHPUSH_CALLBACK
ADDED from src/main/AndroidManifest.xml:175:17-91
	android:name
		ADDED from src/main/AndroidManifest.xml:175:25-88
action#cn.jpush.android.intent.CONNECTION
ADDED from src/main/AndroidManifest.xml:176:17-77
	android:name
		ADDED from src/main/AndroidManifest.xml:176:25-74
meta-data#JPUSH_CHANNEL
ADDED from src/main/AndroidManifest.xml:180:9-84
	android:value
		ADDED from src/main/AndroidManifest.xml:180:49-82
	android:name
		ADDED from src/main/AndroidManifest.xml:180:20-48
meta-data#JPUSH_APPKEY
ADDED from src/main/AndroidManifest.xml:181:9-90
	android:value
		ADDED from src/main/AndroidManifest.xml:181:48-88
	android:name
		ADDED from src/main/AndroidManifest.xml:181:20-47